
5월 30, 2024 13:58:02.83 NEW SESSION
5월 30, 2024 13:58:02.84 Created TensorFlow Lite XNNPACK delegate for CPU.
5월 30, 2024 14:05:24.14 [10184:11252:0530/140524.147:ERROR:CONSOLE(1)] "Request Network.loadNetworkResource failed. {"code":-32602,"message":"Frame not found"}", source: devtools://devtools/bundled/devtools-frontend/front_end/core/protocol_client/protocol_client.js (1)
5월 30, 2024 15:33:51.59 [10184:11252:0530/153351.590:ERROR:page_load_metrics_update_dispatcher.cc(179)] Invalid first_paint (unset) for first_image_paint 0.526 s
5월 30, 2024 15:33:51.61 [10184:11252:0530/153351.618:ERROR:page_load_metrics_update_dispatcher.cc(179)] Invalid first_paint 0.542 s for first_image_paint 0.526 s
5월 30, 2024 15:33:51.72 [10184:11252:0530/153351.721:ERROR:page_load_metrics_update_dispatcher.cc(179)] Invalid first_paint 0.542 s for first_image_paint 0.526 s
5월 30, 2024 15:33:51.83 [10184:11252:0530/153351.838:ERROR:page_load_metrics_update_dispatcher.cc(179)] Invalid first_paint 0.542 s for first_image_paint 0.526 s
5월 30, 2024 15:33:51.93 [10184:11252:0530/153351.938:ERROR:page_load_metrics_update_dispatcher.cc(179)] Invalid first_paint 0.542 s for first_image_paint 0.526 s
5월 30, 2024 15:33:52.04 [10184:11252:0530/153352.041:ERROR:page_load_metrics_update_dispatcher.cc(179)] Invalid first_paint 0.542 s for first_image_paint 0.526 s
5월 30, 2024 15:33:52.24 [10184:11252:0530/153352.243:ERROR:page_load_metrics_update_dispatcher.cc(179)] Invalid first_paint 0.542 s for first_image_paint 0.526 s
5월 30, 2024 15:33:52.59 [10184:11252:0530/153352.599:ERROR:page_load_metrics_update_dispatcher.cc(179)] Invalid first_paint 0.542 s for first_image_paint 0.526 s
5월 30, 2024 15:33:53.03 [10184:11252:0530/153353.034:ERROR:page_load_metrics_update_dispatcher.cc(179)] Invalid first_paint 0.542 s for first_image_paint 0.526 s
5월 30, 2024 15:33:53.53 [10184:11252:0530/153353.536:ERROR:page_load_metrics_update_dispatcher.cc(179)] Invalid first_paint 0.542 s for first_image_paint 0.526 s
5월 30, 2024 15:33:53.70 [10184:11252:0530/153353.701:ERROR:page_load_metrics_update_dispatcher.cc(179)] Invalid first_paint 0.542 s for first_image_paint 0.526 s
5월 30, 2024 15:33:53.93 [10184:11252:0530/153353.935:ERROR:page_load_metrics_update_dispatcher.cc(179)] Invalid first_paint 0.542 s for first_image_paint 0.526 s
5월 30, 2024 15:33:55.22 [10184:11252:0530/153355.224:ERROR:page_load_metrics_update_dispatcher.cc(179)] Invalid first_paint 0.542 s for first_image_paint 0.526 s
5월 30, 2024 15:33:55.33 [10184:11252:0530/153355.335:ERROR:page_load_metrics_update_dispatcher.cc(179)] Invalid first_paint 0.542 s for first_image_paint 0.526 s
5월 30, 2024 15:33:55.65 [10184:11252:0530/153355.654:ERROR:page_load_metrics_update_dispatcher.cc(179)] Invalid first_paint 0.542 s for first_image_paint 0.526 s
5월 30, 2024 15:33:55.77 [10184:11252:0530/153355.770:ERROR:page_load_metrics_update_dispatcher.cc(179)] Invalid first_paint 0.542 s for first_image_paint 0.526 s
5월 30, 2024 15:33:59.18 [10184:11252:0530/153359.189:ERROR:page_load_metrics_update_dispatcher.cc(179)] Invalid first_paint 0.542 s for first_image_paint 0.526 s
5월 30, 2024 15:33:59.31 [10184:11252:0530/153359.311:ERROR:page_load_metrics_update_dispatcher.cc(179)] Invalid first_paint 0.542 s for first_image_paint 0.526 s
5월 30, 2024 15:34:01.25 [10184:11252:0530/153401.250:ERROR:page_load_metrics_update_dispatcher.cc(179)] Invalid first_paint 0.542 s for first_image_paint 0.526 s
5월 30, 2024 15:34:01.35 [10184:11252:0530/153401.355:ERROR:page_load_metrics_update_dispatcher.cc(179)] Invalid first_paint 0.542 s for first_image_paint 0.526 s
5월 30, 2024 15:34:02.12 [10184:11252:0530/153402.121:ERROR:page_load_metrics_update_dispatcher.cc(179)] Invalid first_paint 0.542 s for first_image_paint 0.526 s
5월 30, 2024 15:34:02.23 [10184:11252:0530/153402.236:ERROR:page_load_metrics_update_dispatcher.cc(179)] Invalid first_paint 0.542 s for first_image_paint 0.526 s
5월 30, 2024 15:34:04.56 [10184:11252:0530/153404.563:ERROR:page_load_metrics_update_dispatcher.cc(179)] Invalid first_paint 0.542 s for first_image_paint 0.526 s

5월 31, 2024 10:14:39.72 NEW SESSION
5월 31, 2024 10:14:39.74 Created TensorFlow Lite XNNPACK delegate for CPU.
5월 31, 2024 12:20:54.45 [10868:5944:0531/122054.453:ERROR:interface_endpoint_client.cc(722)] Message 5 rejected by interface blink.mojom.WidgetHost

6월 05, 2024 09:39:49.07 NEW SESSION
6월 05, 2024 09:39:49.07 Created TensorFlow Lite XNNPACK delegate for CPU.
6월 05, 2024 10:43:08.48 [344:12420:0605/104308.480:ERROR:interface_endpoint_client.cc(722)] Message 5 rejected by interface blink.mojom.WidgetHost

6월 07, 2024 14:02:35.01 NEW SESSION
6월 07, 2024 14:02:35.02 Created TensorFlow Lite XNNPACK delegate for CPU.

6월 14, 2024 09:04:52.05 NEW SESSION
6월 14, 2024 09:04:52.06 Created TensorFlow Lite XNNPACK delegate for CPU.

6월 17, 2024 13:57:40.56 NEW SESSION
6월 17, 2024 13:57:40.56 Created TensorFlow Lite XNNPACK delegate for CPU.
6월 17, 2024 14:53:30.30 [3680:5620:0617/145330.309:ERROR:interface_endpoint_client.cc(722)] Message 5 rejected by interface blink.mojom.WidgetHost

6월 18, 2024 09:47:35.00 NEW SESSION
6월 18, 2024 09:47:35.00 Created TensorFlow Lite XNNPACK delegate for CPU.
6월 18, 2024 11:09:41.76 [11528:5436:0618/110941.767:ERROR:interface_endpoint_client.cc(722)] Message 1 rejected by interface blink.mojom.WidgetHost

6월 20, 2024 13:59:58.06 NEW SESSION
6월 20, 2024 13:59:58.07 Created TensorFlow Lite XNNPACK delegate for CPU.
6월 20, 2024 16:01:57.24 [9180:5136:0620/160157.242:ERROR:connection_factory_impl.cc(483)] ConnectionHandler failed with net error: -2
6월 20, 2024 16:13:19.72 [9180:5920:0620/161319.720:ERROR:get_updates_processor.cc(263)] PostClientToServerMessage() failed during GetUpdates with error Network error (ERR_NAME_NOT_RESOLVED)
6월 20, 2024 16:45:00.27 [9180:5136:0620/164500.275:ERROR:connection_factory_impl.cc(483)] ConnectionHandler failed with net error: -2
6월 20, 2024 17:19:21.19 [9180:5136:0620/171921.194:ERROR:connection_factory_impl.cc(483)] ConnectionHandler failed with net error: -2

6월 24, 2024 13:58:30.03 NEW SESSION
6월 24, 2024 13:58:30.04 Created TensorFlow Lite XNNPACK delegate for CPU.
6월 24, 2024 15:02:13.25 [11360:7620:0624/150213.254:ERROR:connection_factory_impl.cc(483)] ConnectionHandler failed with net error: -2

6월 26, 2024 09:22:31.65 NEW SESSION
6월 26, 2024 09:22:31.66 Created TensorFlow Lite XNNPACK delegate for CPU.
6월 26, 2024 11:48:57.62 [1984:11120:0626/114857.627:ERROR:interface_endpoint_client.cc(722)] Message 1 rejected by interface blink.mojom.WidgetHost
6월 26, 2024 11:49:29.80 [1984:11120:0626/114929.800:ERROR:interface_endpoint_client.cc(722)] Message 0 rejected by interface blink.mojom.WidgetHost

7월 05, 2024 13:57:35.43 NEW SESSION
7월 05, 2024 13:57:35.43 Created TensorFlow Lite XNNPACK delegate for CPU.

7월 08, 2024 09:47:01.67 NEW SESSION
7월 08, 2024 09:47:01.67 Created TensorFlow Lite XNNPACK delegate for CPU.

7월 23, 2024 09:50:50.32 NEW SESSION
7월 23, 2024 09:50:50.33 Created TensorFlow Lite XNNPACK delegate for CPU.

7월 24, 2024 09:20:34.60 NEW SESSION
7월 24, 2024 09:20:34.60 Created TensorFlow Lite XNNPACK delegate for CPU.

7월 25, 2024 13:59:41.96 NEW SESSION
7월 25, 2024 13:59:41.97 Created TensorFlow Lite XNNPACK delegate for CPU.

7월 29, 2024 13:58:34.28 NEW SESSION
7월 29, 2024 13:58:34.28 Created TensorFlow Lite XNNPACK delegate for CPU.
7월 29, 2024 16:11:26.49 [6496:4048:0729/161126.495:ERROR:page_load_metrics_update_dispatcher.cc(179)] Invalid first_paint 0.253 s for first_image_paint 0.236 s
7월 29, 2024 16:11:26.62 [6496:4048:0729/161126.629:ERROR:page_load_metrics_update_dispatcher.cc(179)] Invalid first_paint 0.253 s for first_image_paint 0.236 s
7월 29, 2024 16:11:26.73 [6496:4048:0729/161126.735:ERROR:page_load_metrics_update_dispatcher.cc(179)] Invalid first_paint 0.253 s for first_image_paint 0.236 s
7월 29, 2024 16:11:26.83 [6496:4048:0729/161126.839:ERROR:page_load_metrics_update_dispatcher.cc(179)] Invalid first_paint 0.253 s for first_image_paint 0.236 s
7월 29, 2024 16:11:26.95 [6496:4048:0729/161126.956:ERROR:page_load_metrics_update_dispatcher.cc(179)] Invalid first_paint 0.253 s for first_image_paint 0.236 s
7월 29, 2024 16:11:27.22 [6496:4048:0729/161127.223:ERROR:page_load_metrics_update_dispatcher.cc(179)] Invalid first_paint 0.253 s for first_image_paint 0.236 s
7월 29, 2024 16:11:28.67 [6496:4048:0729/161128.679:ERROR:page_load_metrics_update_dispatcher.cc(179)] Invalid first_paint 0.253 s for first_image_paint 0.236 s
7월 29, 2024 16:11:29.73 [6496:4048:0729/161129.737:ERROR:page_load_metrics_update_dispatcher.cc(179)] Invalid first_paint 0.253 s for first_image_paint 0.236 s
7월 29, 2024 16:11:32.56 [6496:4048:0729/161132.561:ERROR:page_load_metrics_update_dispatcher.cc(179)] Invalid first_paint 0.253 s for first_image_paint 0.236 s
7월 29, 2024 16:11:32.86 [6496:4048:0729/161132.868:ERROR:page_load_metrics_update_dispatcher.cc(179)] Invalid first_paint 0.253 s for first_image_paint 0.236 s
7월 29, 2024 16:11:33.91 [6496:4048:0729/161133.911:ERROR:page_load_metrics_update_dispatcher.cc(179)] Invalid first_paint 0.253 s for first_image_paint 0.236 s
7월 29, 2024 16:11:34.08 [6496:4048:0729/161134.079:ERROR:page_load_metrics_update_dispatcher.cc(179)] Invalid first_paint 0.253 s for first_image_paint 0.236 s
7월 29, 2024 16:11:35.73 [6496:4048:0729/161135.736:ERROR:page_load_metrics_update_dispatcher.cc(179)] Invalid first_paint 0.253 s for first_image_paint 0.236 s
7월 29, 2024 16:11:35.93 [6496:4048:0729/161135.938:ERROR:page_load_metrics_update_dispatcher.cc(179)] Invalid first_paint 0.253 s for first_image_paint 0.236 s
7월 29, 2024 16:11:39.02 [6496:4048:0729/161139.022:ERROR:page_load_metrics_update_dispatcher.cc(179)] Invalid first_paint 0.253 s for first_image_paint 0.236 s
7월 29, 2024 16:11:42.10 [6496:4048:0729/161142.101:ERROR:page_load_metrics_update_dispatcher.cc(179)] Invalid first_paint 0.253 s for first_image_paint 0.236 s
7월 29, 2024 16:11:45.18 [6496:4048:0729/161145.180:ERROR:page_load_metrics_update_dispatcher.cc(179)] Invalid first_paint 0.253 s for first_image_paint 0.236 s
7월 29, 2024 16:11:48.34 [6496:4048:0729/161148.344:ERROR:page_load_metrics_update_dispatcher.cc(179)] Invalid first_paint 0.253 s for first_image_paint 0.236 s
7월 29, 2024 16:11:51.42 [6496:4048:0729/161151.424:ERROR:page_load_metrics_update_dispatcher.cc(179)] Invalid first_paint 0.253 s for first_image_paint 0.236 s
7월 29, 2024 16:12:00.12 [6496:4048:0729/161200.120:ERROR:page_load_metrics_update_dispatcher.cc(179)] Invalid first_paint 0.253 s for first_image_paint 0.236 s
7월 29, 2024 16:12:01.70 [6496:4048:0729/161201.707:ERROR:page_load_metrics_update_dispatcher.cc(179)] Invalid first_paint 0.253 s for first_image_paint 0.236 s
7월 29, 2024 16:12:01.78 [6496:4048:0729/161201.786:ERROR:page_load_metrics_update_dispatcher.cc(179)] Invalid first_paint 0.253 s for first_image_paint 0.236 s
7월 29, 2024 16:12:01.90 [6496:4048:0729/161201.903:ERROR:page_load_metrics_update_dispatcher.cc(179)] Invalid first_paint 0.253 s for first_image_paint 0.236 s
7월 29, 2024 16:12:01.92 [6496:4048:0729/161201.920:ERROR:page_load_metrics_update_dispatcher.cc(179)] Invalid first_paint 0.253 s for first_image_paint 0.236 s
7월 29, 2024 16:12:02.89 [6496:4048:0729/161202.890:ERROR:page_load_metrics_update_dispatcher.cc(179)] Invalid first_paint 0.253 s for first_image_paint 0.236 s
7월 29, 2024 16:12:03.00 [6496:4048:0729/161203.006:ERROR:page_load_metrics_update_dispatcher.cc(179)] Invalid first_paint 0.253 s for first_image_paint 0.236 s
7월 29, 2024 16:12:03.12 [6496:4048:0729/161203.121:ERROR:page_load_metrics_update_dispatcher.cc(179)] Invalid first_paint 0.253 s for first_image_paint 0.236 s
7월 29, 2024 16:12:03.23 [6496:4048:0729/161203.239:ERROR:page_load_metrics_update_dispatcher.cc(179)] Invalid first_paint 0.253 s for first_image_paint 0.236 s
7월 29, 2024 16:12:05.54 [6496:4048:0729/161205.539:ERROR:page_load_metrics_update_dispatcher.cc(179)] Invalid first_paint 0.253 s for first_image_paint 0.236 s
7월 29, 2024 16:12:05.65 [6496:4048:0729/161205.653:ERROR:page_load_metrics_update_dispatcher.cc(179)] Invalid first_paint 0.253 s for first_image_paint 0.236 s
7월 29, 2024 16:12:06.50 [6496:4048:0729/161206.506:ERROR:page_load_metrics_update_dispatcher.cc(179)] Invalid first_paint 0.253 s for first_image_paint 0.236 s
7월 29, 2024 16:12:06.62 [6496:4048:0729/161206.621:ERROR:page_load_metrics_update_dispatcher.cc(179)] Invalid first_paint 0.253 s for first_image_paint 0.236 s
7월 29, 2024 16:12:09.45 [6496:4048:0729/161209.452:ERROR:page_load_metrics_update_dispatcher.cc(179)] Invalid first_paint 0.253 s for first_image_paint 0.236 s
7월 29, 2024 16:12:09.55 [6496:4048:0729/161209.557:ERROR:page_load_metrics_update_dispatcher.cc(179)] Invalid first_paint 0.253 s for first_image_paint 0.236 s
7월 29, 2024 16:12:09.67 [6496:4048:0729/161209.673:ERROR:page_load_metrics_update_dispatcher.cc(179)] Invalid first_paint 0.253 s for first_image_paint 0.236 s
7월 29, 2024 16:12:09.79 [6496:4048:0729/161209.798:ERROR:page_load_metrics_update_dispatcher.cc(179)] Invalid first_paint 0.253 s for first_image_paint 0.236 s
7월 29, 2024 16:12:10.32 [6496:4048:0729/161210.323:ERROR:page_load_metrics_update_dispatcher.cc(179)] Invalid first_paint 0.253 s for first_image_paint 0.236 s
7월 29, 2024 16:12:10.44 [6496:4048:0729/161210.442:ERROR:page_load_metrics_update_dispatcher.cc(179)] Invalid first_paint 0.253 s for first_image_paint 0.236 s
7월 29, 2024 16:12:13.62 [6496:4048:0729/161213.622:ERROR:page_load_metrics_update_dispatcher.cc(179)] Invalid first_paint 0.253 s for first_image_paint 0.236 s
7월 29, 2024 16:12:13.74 [6496:4048:0729/161213.742:ERROR:page_load_metrics_update_dispatcher.cc(179)] Invalid first_paint 0.253 s for first_image_paint 0.236 s
7월 29, 2024 16:12:13.85 [6496:4048:0729/161213.854:ERROR:page_load_metrics_update_dispatcher.cc(179)] Invalid first_paint 0.253 s for first_image_paint 0.236 s
7월 29, 2024 16:12:14.25 [6496:4048:0729/161214.256:ERROR:page_load_metrics_update_dispatcher.cc(179)] Invalid first_paint 0.253 s for first_image_paint 0.236 s
7월 29, 2024 16:12:14.37 [6496:4048:0729/161214.371:ERROR:page_load_metrics_update_dispatcher.cc(179)] Invalid first_paint 0.253 s for first_image_paint 0.236 s
7월 29, 2024 16:12:15.19 [6496:4048:0729/161215.199:ERROR:page_load_metrics_update_dispatcher.cc(179)] Invalid first_paint 0.253 s for first_image_paint 0.236 s
7월 29, 2024 16:12:15.30 [6496:4048:0729/161215.307:ERROR:page_load_metrics_update_dispatcher.cc(179)] Invalid first_paint 0.253 s for first_image_paint 0.236 s
7월 29, 2024 16:12:15.42 [6496:4048:0729/161215.422:ERROR:page_load_metrics_update_dispatcher.cc(179)] Invalid first_paint 0.253 s for first_image_paint 0.236 s
7월 29, 2024 16:12:15.53 [6496:4048:0729/161215.538:ERROR:page_load_metrics_update_dispatcher.cc(179)] Invalid first_paint 0.253 s for first_image_paint 0.236 s
7월 29, 2024 16:12:15.77 [6496:4048:0729/161215.773:ERROR:page_load_metrics_update_dispatcher.cc(179)] Invalid first_paint 0.253 s for first_image_paint 0.236 s
7월 29, 2024 16:12:15.88 [6496:4048:0729/161215.889:ERROR:page_load_metrics_update_dispatcher.cc(179)] Invalid first_paint 0.253 s for first_image_paint 0.236 s
7월 29, 2024 16:12:18.08 [6496:4048:0729/161218.085:ERROR:page_load_metrics_update_dispatcher.cc(179)] Invalid first_paint 0.253 s for first_image_paint 0.236 s
7월 29, 2024 16:12:18.19 [6496:4048:0729/161218.191:ERROR:page_load_metrics_update_dispatcher.cc(179)] Invalid first_paint 0.253 s for first_image_paint 0.236 s
7월 29, 2024 16:12:19.48 [6496:4048:0729/161219.489:ERROR:page_load_metrics_update_dispatcher.cc(179)] Invalid first_paint 0.253 s for first_image_paint 0.236 s
7월 29, 2024 16:12:19.60 [6496:4048:0729/161219.603:ERROR:page_load_metrics_update_dispatcher.cc(179)] Invalid first_paint 0.253 s for first_image_paint 0.236 s
7월 29, 2024 16:12:19.77 [6496:4048:0729/161219.771:ERROR:page_load_metrics_update_dispatcher.cc(179)] Invalid first_paint 0.253 s for first_image_paint 0.236 s
7월 29, 2024 16:12:19.89 [6496:4048:0729/161219.898:ERROR:page_load_metrics_update_dispatcher.cc(179)] Invalid first_paint 0.253 s for first_image_paint 0.236 s
7월 29, 2024 16:12:20.97 [6496:4048:0729/161220.973:ERROR:page_load_metrics_update_dispatcher.cc(179)] Invalid first_paint 0.253 s for first_image_paint 0.236 s
7월 29, 2024 16:12:21.08 [6496:4048:0729/161221.089:ERROR:page_load_metrics_update_dispatcher.cc(179)] Invalid first_paint 0.253 s for first_image_paint 0.236 s
7월 29, 2024 16:12:21.20 [6496:4048:0729/161221.204:ERROR:page_load_metrics_update_dispatcher.cc(179)] Invalid first_paint 0.253 s for first_image_paint 0.236 s
7월 29, 2024 16:12:21.77 [6496:4048:0729/161221.772:ERROR:page_load_metrics_update_dispatcher.cc(179)] Invalid first_paint 0.253 s for first_image_paint 0.236 s
7월 29, 2024 16:12:21.88 [6496:4048:0729/161221.889:ERROR:page_load_metrics_update_dispatcher.cc(179)] Invalid first_paint 0.253 s for first_image_paint 0.236 s
7월 29, 2024 16:12:22.01 [6496:4048:0729/161222.012:ERROR:page_load_metrics_update_dispatcher.cc(179)] Invalid first_paint 0.253 s for first_image_paint 0.236 s
7월 29, 2024 16:12:24.20 [6496:4048:0729/161224.208:ERROR:page_load_metrics_update_dispatcher.cc(179)] Invalid first_paint 0.253 s for first_image_paint 0.236 s
7월 29, 2024 16:12:24.32 [6496:4048:0729/161224.320:ERROR:page_load_metrics_update_dispatcher.cc(179)] Invalid first_paint 0.253 s for first_image_paint 0.236 s
7월 29, 2024 16:12:24.43 [6496:4048:0729/161224.438:ERROR:page_load_metrics_update_dispatcher.cc(179)] Invalid first_paint 0.253 s for first_image_paint 0.236 s
7월 29, 2024 16:12:24.56 [6496:4048:0729/161224.565:ERROR:page_load_metrics_update_dispatcher.cc(179)] Invalid first_paint 0.253 s for first_image_paint 0.236 s
7월 29, 2024 16:12:24.80 [6496:4048:0729/161224.800:ERROR:page_load_metrics_update_dispatcher.cc(179)] Invalid first_paint 0.253 s for first_image_paint 0.236 s
7월 29, 2024 16:12:24.90 [6496:4048:0729/161224.905:ERROR:page_load_metrics_update_dispatcher.cc(179)] Invalid first_paint 0.253 s for first_image_paint 0.236 s
7월 29, 2024 16:12:25.50 [6496:4048:0729/161225.507:ERROR:page_load_metrics_update_dispatcher.cc(179)] Invalid first_paint 0.253 s for first_image_paint 0.236 s
7월 29, 2024 16:12:25.62 [6496:4048:0729/161225.621:ERROR:page_load_metrics_update_dispatcher.cc(179)] Invalid first_paint 0.253 s for first_image_paint 0.236 s
7월 29, 2024 16:12:25.73 [6496:4048:0729/161225.737:ERROR:page_load_metrics_update_dispatcher.cc(179)] Invalid first_paint 0.253 s for first_image_paint 0.236 s
7월 29, 2024 16:12:26.14 [6496:4048:0729/161226.140:ERROR:page_load_metrics_update_dispatcher.cc(179)] Invalid first_paint 0.253 s for first_image_paint 0.236 s
7월 29, 2024 16:12:26.25 [6496:4048:0729/161226.253:ERROR:page_load_metrics_update_dispatcher.cc(179)] Invalid first_paint 0.253 s for first_image_paint 0.236 s
7월 29, 2024 16:12:27.67 [6496:4048:0729/161227.671:ERROR:page_load_metrics_update_dispatcher.cc(179)] Invalid first_paint 0.253 s for first_image_paint 0.236 s
7월 29, 2024 16:12:27.79 [6496:4048:0729/161227.793:ERROR:page_load_metrics_update_dispatcher.cc(179)] Invalid first_paint 0.253 s for first_image_paint 0.236 s
7월 29, 2024 16:12:27.90 [6496:4048:0729/161227.905:ERROR:page_load_metrics_update_dispatcher.cc(179)] Invalid first_paint 0.253 s for first_image_paint 0.236 s
7월 29, 2024 16:12:35.07 [6496:4048:0729/161235.074:ERROR:page_load_metrics_update_dispatcher.cc(179)] Invalid first_paint 0.253 s for first_image_paint 0.236 s
7월 29, 2024 16:12:35.18 [6496:4048:0729/161235.188:ERROR:page_load_metrics_update_dispatcher.cc(179)] Invalid first_paint 0.253 s for first_image_paint 0.236 s
7월 29, 2024 16:12:35.30 [6496:4048:0729/161235.305:ERROR:page_load_metrics_update_dispatcher.cc(179)] Invalid first_paint 0.253 s for first_image_paint 0.236 s
7월 29, 2024 16:12:35.50 [6496:4048:0729/161235.508:ERROR:page_load_metrics_update_dispatcher.cc(179)] Invalid first_paint 0.253 s for first_image_paint 0.236 s
7월 29, 2024 16:12:35.62 [6496:4048:0729/161235.621:ERROR:page_load_metrics_update_dispatcher.cc(179)] Invalid first_paint 0.253 s for first_image_paint 0.236 s
7월 29, 2024 16:12:38.12 [6496:4048:0729/161238.125:ERROR:page_load_metrics_update_dispatcher.cc(179)] Invalid first_paint 0.253 s for first_image_paint 0.236 s
7월 29, 2024 16:12:38.24 [6496:4048:0729/161238.240:ERROR:page_load_metrics_update_dispatcher.cc(179)] Invalid first_paint 0.253 s for first_image_paint 0.236 s
7월 29, 2024 16:12:38.35 [6496:4048:0729/161238.355:ERROR:page_load_metrics_update_dispatcher.cc(179)] Invalid first_paint 0.253 s for first_image_paint 0.236 s
7월 29, 2024 16:12:38.60 [6496:4048:0729/161238.606:ERROR:page_load_metrics_update_dispatcher.cc(179)] Invalid first_paint 0.253 s for first_image_paint 0.236 s
7월 29, 2024 16:12:38.72 [6496:4048:0729/161238.720:ERROR:page_load_metrics_update_dispatcher.cc(179)] Invalid first_paint 0.253 s for first_image_paint 0.236 s
7월 29, 2024 16:12:38.83 [6496:4048:0729/161238.837:ERROR:page_load_metrics_update_dispatcher.cc(179)] Invalid first_paint 0.253 s for first_image_paint 0.236 s
7월 29, 2024 16:12:39.15 [6496:4048:0729/161239.154:ERROR:page_load_metrics_update_dispatcher.cc(179)] Invalid first_paint 0.253 s for first_image_paint 0.236 s
7월 29, 2024 16:12:39.27 [6496:4048:0729/161239.269:ERROR:page_load_metrics_update_dispatcher.cc(179)] Invalid first_paint 0.253 s for first_image_paint 0.236 s
7월 29, 2024 16:12:40.10 [6496:4048:0729/161240.107:ERROR:page_load_metrics_update_dispatcher.cc(179)] Invalid first_paint 0.253 s for first_image_paint 0.236 s
7월 29, 2024 16:12:40.22 [6496:4048:0729/161240.220:ERROR:page_load_metrics_update_dispatcher.cc(179)] Invalid first_paint 0.253 s for first_image_paint 0.236 s
7월 29, 2024 16:12:40.79 [6496:4048:0729/161240.790:ERROR:page_load_metrics_update_dispatcher.cc(179)] Invalid first_paint 0.253 s for first_image_paint 0.236 s
7월 29, 2024 16:12:40.91 [6496:4048:0729/161240.912:ERROR:page_load_metrics_update_dispatcher.cc(179)] Invalid first_paint 0.253 s for first_image_paint 0.236 s
7월 29, 2024 16:12:41.02 [6496:4048:0729/161241.021:ERROR:page_load_metrics_update_dispatcher.cc(179)] Invalid first_paint 0.253 s for first_image_paint 0.236 s
7월 29, 2024 16:12:41.97 [6496:4048:0729/161241.973:ERROR:page_load_metrics_update_dispatcher.cc(179)] Invalid first_paint 0.253 s for first_image_paint 0.236 s
7월 29, 2024 16:12:42.08 [6496:4048:0729/161242.087:ERROR:page_load_metrics_update_dispatcher.cc(179)] Invalid first_paint 0.253 s for first_image_paint 0.236 s
7월 29, 2024 16:12:42.48 [6496:4048:0729/161242.488:ERROR:page_load_metrics_update_dispatcher.cc(179)] Invalid first_paint 0.253 s for first_image_paint 0.236 s
7월 29, 2024 16:12:42.60 [6496:4048:0729/161242.606:ERROR:page_load_metrics_update_dispatcher.cc(179)] Invalid first_paint 0.253 s for first_image_paint 0.236 s
7월 29, 2024 16:12:42.72 [6496:4048:0729/161242.722:ERROR:page_load_metrics_update_dispatcher.cc(179)] Invalid first_paint 0.253 s for first_image_paint 0.236 s
7월 29, 2024 16:12:43.57 [6496:4048:0729/161243.572:ERROR:page_load_metrics_update_dispatcher.cc(179)] Invalid first_paint 0.253 s for first_image_paint 0.236 s
7월 29, 2024 16:12:43.68 [6496:4048:0729/161243.688:ERROR:page_load_metrics_update_dispatcher.cc(179)] Invalid first_paint 0.253 s for first_image_paint 0.236 s
7월 29, 2024 16:12:43.80 [6496:4048:0729/161243.804:ERROR:page_load_metrics_update_dispatcher.cc(179)] Invalid first_paint 0.253 s for first_image_paint 0.236 s
7월 29, 2024 16:12:44.74 [6496:4048:0729/161244.740:ERROR:page_load_metrics_update_dispatcher.cc(179)] Invalid first_paint 0.253 s for first_image_paint 0.236 s
7월 29, 2024 16:12:44.85 [6496:4048:0729/161244.855:ERROR:page_load_metrics_update_dispatcher.cc(179)] Invalid first_paint 0.253 s for first_image_paint 0.236 s
7월 29, 2024 16:12:46.74 [6496:4048:0729/161246.741:ERROR:page_load_metrics_update_dispatcher.cc(179)] Invalid first_paint 0.253 s for first_image_paint 0.236 s
7월 29, 2024 16:12:46.86 [6496:4048:0729/161246.864:ERROR:page_load_metrics_update_dispatcher.cc(179)] Invalid first_paint 0.253 s for first_image_paint 0.236 s
7월 29, 2024 16:12:48.35 [6496:4048:0729/161248.355:ERROR:page_load_metrics_update_dispatcher.cc(179)] Invalid first_paint 0.253 s for first_image_paint 0.236 s
7월 29, 2024 16:12:48.47 [6496:4048:0729/161248.474:ERROR:page_load_metrics_update_dispatcher.cc(179)] Invalid first_paint 0.253 s for first_image_paint 0.236 s
7월 29, 2024 16:12:48.87 [6496:4048:0729/161248.878:ERROR:page_load_metrics_update_dispatcher.cc(179)] Invalid first_paint 0.253 s for first_image_paint 0.236 s
7월 29, 2024 16:12:48.98 [6496:4048:0729/161248.987:ERROR:page_load_metrics_update_dispatcher.cc(179)] Invalid first_paint 0.253 s for first_image_paint 0.236 s
7월 29, 2024 16:12:49.72 [6496:4048:0729/161249.722:ERROR:page_load_metrics_update_dispatcher.cc(179)] Invalid first_paint 0.253 s for first_image_paint 0.236 s
7월 29, 2024 16:12:49.83 [6496:4048:0729/161249.837:ERROR:page_load_metrics_update_dispatcher.cc(179)] Invalid first_paint 0.253 s for first_image_paint 0.236 s
7월 29, 2024 16:12:50.60 [6496:4048:0729/161250.608:ERROR:page_load_metrics_update_dispatcher.cc(179)] Invalid first_paint 0.253 s for first_image_paint 0.236 s
7월 29, 2024 16:12:50.72 [6496:4048:0729/161250.726:ERROR:page_load_metrics_update_dispatcher.cc(179)] Invalid first_paint 0.253 s for first_image_paint 0.236 s
7월 29, 2024 16:12:51.74 [6496:4048:0729/161251.741:ERROR:page_load_metrics_update_dispatcher.cc(179)] Invalid first_paint 0.253 s for first_image_paint 0.236 s
7월 29, 2024 16:12:51.85 [6496:4048:0729/161251.858:ERROR:page_load_metrics_update_dispatcher.cc(179)] Invalid first_paint 0.253 s for first_image_paint 0.236 s
7월 29, 2024 16:12:52.40 [6496:4048:0729/161252.406:ERROR:page_load_metrics_update_dispatcher.cc(179)] Invalid first_paint 0.253 s for first_image_paint 0.236 s
7월 29, 2024 16:12:52.52 [6496:4048:0729/161252.521:ERROR:page_load_metrics_update_dispatcher.cc(179)] Invalid first_paint 0.253 s for first_image_paint 0.236 s
7월 29, 2024 16:12:52.84 [6496:4048:0729/161252.841:ERROR:page_load_metrics_update_dispatcher.cc(179)] Invalid first_paint 0.253 s for first_image_paint 0.236 s
7월 29, 2024 16:12:52.95 [6496:4048:0729/161252.955:ERROR:page_load_metrics_update_dispatcher.cc(179)] Invalid first_paint 0.253 s for first_image_paint 0.236 s
7월 29, 2024 16:12:53.08 [6496:4048:0729/161253.081:ERROR:page_load_metrics_update_dispatcher.cc(179)] Invalid first_paint 0.253 s for first_image_paint 0.236 s
7월 29, 2024 16:12:57.96 [6496:4048:0729/161257.961:ERROR:page_load_metrics_update_dispatcher.cc(179)] Invalid first_paint 0.253 s for first_image_paint 0.236 s
7월 29, 2024 16:12:58.07 [6496:4048:0729/161258.070:ERROR:page_load_metrics_update_dispatcher.cc(179)] Invalid first_paint 0.253 s for first_image_paint 0.236 s
7월 29, 2024 16:12:58.80 [6496:4048:0729/161258.805:ERROR:page_load_metrics_update_dispatcher.cc(179)] Invalid first_paint 0.253 s for first_image_paint 0.236 s
